<?xml version="1.0" encoding="UTF-8"?>
<testng-results skipped="0" failed="0" ignored="0" total="1" passed="1">
  <reporter-output>
  </reporter-output>
  <suite name="Default suite" duration-ms="73528" started-at="2020-11-24T17:23:57 IST" finished-at="2020-11-24T17:25:10 IST">
    <groups>
    </groups>
    <test name="Default test" duration-ms="73528" started-at="2020-11-24T17:23:57 IST" finished-at="2020-11-24T17:25:10 IST">
      <class name="com.neuron.qa.testcase.CallTypeMasterTest">
        <test-method status="PASS" signature="sampleTestingg()[pri:0, instance:com.neuron.qa.testcase.CallTypeMasterTest@6f03482]" name="sampleTestingg" duration-ms="73409" started-at="2020-11-24T17:23:57 IST" finished-at="2020-11-24T17:25:10 IST">
          <reporter-output>
          </reporter-output>
        </test-method> <!-- sampleTestingg -->
      </class> <!-- com.neuron.qa.testcase.CallTypeMasterTest -->
    </test> <!-- Default test -->
  </suite> <!-- Default suite -->
</testng-results>
